<?xml version="1.0" encoding="UTF-8"?>
<!-- Generated by org.testng.reporters.JUnitReportReporter -->
<testsuite hostname="LAPTOP-2804QP28" failures="0" tests="11" name="com.orangehrm.tests.ContactsPageTest" time="719.085" errors="0" timestamp="2021-06-07T17:40:43 BST" skipped="0">
  <testcase classname="com.orangehrm.tests.ContactsPageTest" name="veryfyContactPageTitle" time="27.119"/>
  <system-out/>
  <testcase classname="com.orangehrm.tests.ContactsPageTest" name="createContactTest" time="68.321"/>
  <system-out/>
  <testcase classname="com.orangehrm.tests.ContactsPageTest" name="createContactTest" time="76.025"/>
  <system-out/>
  <testcase classname="com.orangehrm.tests.ContactsPageTest" name="createContactTest" time="66.250"/>
  <system-out/>
  <testcase classname="com.orangehrm.tests.ContactsPageTest" name="createContactTest" time="68.099"/>
  <system-out/>
  <testcase classname="com.orangehrm.tests.ContactsPageTest" name="createContactTest" time="64.945"/>
  <system-out/>
  <testcase classname="com.orangehrm.tests.ContactsPageTest" name="createContactTest" time="70.481"/>
  <system-out/>
  <testcase classname="com.orangehrm.tests.ContactsPageTest" name="createContactTest" time="67.133"/>
  <system-out/>
  <testcase classname="com.orangehrm.tests.ContactsPageTest" name="createContactTest" time="71.915"/>
  <system-out/>
  <testcase classname="com.orangehrm.tests.ContactsPageTest" name="createContactTest" time="71.692"/>
  <system-out/>
  <testcase classname="com.orangehrm.tests.ContactsPageTest" name="createContactTest" time="67.105"/>
  <system-out/>
</testsuite> <!-- com.orangehrm.tests.ContactsPageTest -->
