<?xml version="1.0" encoding="UTF-8"?>
<!-- Generated by org.testng.reporters.JUnitReportReporter -->
<testsuite hostname="LAPTOP-2804QP28" failures="0" tests="4" name="com.orangehrm.tests.LoginPageTest" time="68.456" errors="0" timestamp="2021-06-07T19:34:33 BST" skipped="0">
  <testcase classname="com.orangehrm.tests.LoginPageTest" name="getTitle" time="10.010"/>
  <system-out/>
  <testcase classname="com.orangehrm.tests.LoginPageTest" name="loginTest1" time="21.848"/>
  <system-out/>
  <testcase classname="com.orangehrm.tests.LoginPageTest" name="loginTest2" time="18.634"/>
  <system-out/>
  <testcase classname="com.orangehrm.tests.LoginPageTest" name="loginTest3" time="17.964"/>
  <system-out/>
</testsuite> <!-- com.orangehrm.tests.LoginPageTest -->
