<?xml version="1.0" encoding="UTF-8"?>
<!-- Generated by org.testng.reporters.JUnitReportReporter -->
<testsuite hostname="LAPTOP-2804QP28" failures="0" tests="3" name="com.orangehrm.tests.HomePageTest" time="85.882" errors="0" timestamp="2021-06-07T14:20:09 BST" skipped="0">
  <testcase classname="com.orangehrm.tests.HomePageTest" name="verfyHomePageTitle" time="31.015"/>
  <system-out/>
  <testcase classname="com.orangehrm.tests.HomePageTest" name="verfyHomePageHeader" time="27.460"/>
  <system-out/>
  <testcase classname="com.orangehrm.tests.HomePageTest" name="verfyLoggedInUserAccount" time="27.407"/>
  <system-out/>
</testsuite> <!-- com.orangehrm.tests.HomePageTest -->
